<?xml version="1.0" encoding="UTF-8"?>
<testng-results skipped="0" failed="0" ignored="0" total="2" passed="2">
  <reporter-output>
  </reporter-output>
  <suite name="Suite" duration-ms="12295" started-at="2022-07-02T19:46:21 IST" finished-at="2022-07-02T19:46:34 IST">
    <groups>
    </groups>
    <test name="Chrome" duration-ms="7161" started-at="2022-07-02T19:46:21 IST" finished-at="2022-07-02T19:46:29 IST">
      <class name="com.testleaf.testcases.TC001Login">
        <test-method status="PASS" signature="setData()[pri:0, instance:com.testleaf.testcases.TC001Login@b9afc07]" name="setData" is-config="true" duration-ms="11" started-at="2022-07-02T19:46:21 IST" finished-at="2022-07-02T19:46:21 IST">
          <reporter-output>
          </reporter-output>
        </test-method> <!-- setData -->
        <test-method status="PASS" signature="preCondition(java.lang.String)[pri:0, instance:com.testleaf.testcases.TC001Login@b9afc07]" name="preCondition" is-config="true" duration-ms="5278" started-at="2022-07-02T19:46:22 IST" finished-at="2022-07-02T19:46:28 IST">
          <params>
            <param index="0">
              <value>
                <![CDATA[chrome]]>
              </value>
            </param>
          </params>
          <reporter-output>
          </reporter-output>
        </test-method> <!-- preCondition -->
        <test-method status="PASS" signature="runLogin(java.lang.String,java.lang.String)[pri:0, instance:com.testleaf.testcases.TC001Login@b9afc07]" name="runLogin" duration-ms="727" started-at="2022-07-02T19:46:28 IST" data-provider="getData" finished-at="2022-07-02T19:46:28 IST">
          <params>
            <param index="0">
              <value>
                <![CDATA[DemoSalesManager]]>
              </value>
            </param>
            <param index="1">
              <value>
                <![CDATA[crmsfa]]>
              </value>
            </param>
          </params>
          <reporter-output>
          </reporter-output>
        </test-method> <!-- runLogin -->
        <test-method status="PASS" signature="postCondition()[pri:0, instance:com.testleaf.testcases.TC001Login@b9afc07]" name="postCondition" is-config="true" duration-ms="170" started-at="2022-07-02T19:46:28 IST" finished-at="2022-07-02T19:46:29 IST">
          <reporter-output>
          </reporter-output>
        </test-method> <!-- postCondition -->
      </class> <!-- com.testleaf.testcases.TC001Login -->
    </test> <!-- Chrome -->
    <test name="Firefox" duration-ms="5112" started-at="2022-07-02T19:46:29 IST" finished-at="2022-07-02T19:46:34 IST">
      <class name="com.testleaf.testcases.TC001Login">
        <test-method status="PASS" signature="setData()[pri:0, instance:com.testleaf.testcases.TC001Login@4e4aea35]" name="setData" is-config="true" duration-ms="2" started-at="2022-07-02T19:46:29 IST" finished-at="2022-07-02T19:46:29 IST">
          <reporter-output>
          </reporter-output>
        </test-method> <!-- setData -->
        <test-method status="PASS" signature="preCondition(java.lang.String)[pri:0, instance:com.testleaf.testcases.TC001Login@4e4aea35]" name="preCondition" is-config="true" duration-ms="4258" started-at="2022-07-02T19:46:29 IST" finished-at="2022-07-02T19:46:33 IST">
          <params>
            <param index="0">
              <value>
                <![CDATA[firefox]]>
              </value>
            </param>
          </params>
          <reporter-output>
          </reporter-output>
        </test-method> <!-- preCondition -->
        <test-method status="PASS" signature="runLogin(java.lang.String,java.lang.String)[pri:0, instance:com.testleaf.testcases.TC001Login@4e4aea35]" name="runLogin" duration-ms="730" started-at="2022-07-02T19:46:33 IST" data-provider="getData" finished-at="2022-07-02T19:46:34 IST">
          <params>
            <param index="0">
              <value>
                <![CDATA[DemoSalesManager]]>
              </value>
            </param>
            <param index="1">
              <value>
                <![CDATA[crmsfa]]>
              </value>
            </param>
          </params>
          <reporter-output>
          </reporter-output>
        </test-method> <!-- runLogin -->
        <test-method status="FAIL" signature="postCondition()[pri:0, instance:com.testleaf.testcases.TC001Login@4e4aea35]" name="postCondition" is-config="true" duration-ms="20" started-at="2022-07-02T19:46:34 IST" finished-at="2022-07-02T19:46:34 IST">
          <exception class="org.openqa.selenium.remote.http.ConnectionFailedException">
            <message>
              <![CDATA[Unable to establish websocket connection to http://localhost:49543/devtools/browser/e6272e4c-173d-4e19-8437-809000bd4193
Build info: version: '4.0.0', revision: '3a21814679'
System info: host: 'DESKTOP-4PJLBG0', ip: '192.168.1.5', os.name: 'Windows 10', os.arch: 'amd64', os.version: '10.0', java.version: '1.8.0_271'
Driver info: driver.version: RemoteWebDriver]]>
            </message>
            <full-stacktrace>
              <![CDATA[org.openqa.selenium.remote.http.ConnectionFailedException: Unable to establish websocket connection to http://localhost:49543/devtools/browser/e6272e4c-173d-4e19-8437-809000bd4193
Build info: version: '4.0.0', revision: '3a21814679'
System info: host: 'DESKTOP-4PJLBG0', ip: '192.168.1.5', os.name: 'Windows 10', os.arch: 'amd64', os.version: '10.0', java.version: '1.8.0_271'
Driver info: driver.version: RemoteWebDriver
at org.openqa.selenium.remote.http.netty.NettyWebSocket.<init>(NettyWebSocket.java:104)
at org.openqa.selenium.remote.http.netty.NettyWebSocket.lambda$create$3(NettyWebSocket.java:137)
at org.openqa.selenium.remote.http.netty.NettyClient.openSocket(NettyClient.java:127)
at org.openqa.selenium.devtools.Connection.<init>(Connection.java:77)
at org.openqa.selenium.firefox.FirefoxDriver.maybeGetDevTools(FirefoxDriver.java:359)
at org.openqa.selenium.remote.RemoteWebDriver.close(RemoteWebDriver.java:441)
at com.testleaf.base.ProjectSpecificMethods.postCondition(ProjectSpecificMethods.java:43)
at sun.reflect.NativeMethodAccessorImpl.invoke0(Native Method)
at sun.reflect.NativeMethodAccessorImpl.invoke(NativeMethodAccessorImpl.java:62)
at sun.reflect.DelegatingMethodAccessorImpl.invoke(DelegatingMethodAccessorImpl.java:43)
at java.lang.reflect.Method.invoke(Method.java:498)
at org.testng.internal.MethodInvocationHelper.invokeMethod(MethodInvocationHelper.java:133)
at org.testng.internal.MethodInvocationHelper.invokeMethodConsideringTimeout(MethodInvocationHelper.java:62)
at org.testng.internal.ConfigInvoker.invokeConfigurationMethod(ConfigInvoker.java:385)
at org.testng.internal.ConfigInvoker.invokeConfigurations(ConfigInvoker.java:321)
at org.testng.internal.TestInvoker.runConfigMethods(TestInvoker.java:700)
at org.testng.internal.TestInvoker.runAfterGroupsConfigurations(TestInvoker.java:676)
at org.testng.internal.TestInvoker.invokeMethod(TestInvoker.java:660)
at org.testng.internal.TestInvoker.invokeTestMethod(TestInvoker.java:173)
at org.testng.internal.MethodRunner.runInSequence(MethodRunner.java:46)
at org.testng.internal.TestInvoker$MethodInvocationAgent.invoke(TestInvoker.java:824)
at org.testng.internal.TestInvoker.invokeTestMethods(TestInvoker.java:146)
at org.testng.internal.TestMethodWorker.invokeTestMethods(TestMethodWorker.java:146)
at org.testng.internal.TestMethodWorker.run(TestMethodWorker.java:128)
at java.util.ArrayList.forEach(ArrayList.java:1259)
at org.testng.TestRunner.privateRun(TestRunner.java:794)
at org.testng.TestRunner.run(TestRunner.java:596)
at org.testng.SuiteRunner.runTest(SuiteRunner.java:377)
at org.testng.SuiteRunner.runSequentially(SuiteRunner.java:371)
at org.testng.SuiteRunner.privateRun(SuiteRunner.java:332)
at org.testng.SuiteRunner.run(SuiteRunner.java:276)
at org.testng.SuiteRunnerWorker.runSuite(SuiteRunnerWorker.java:53)
at org.testng.SuiteRunnerWorker.run(SuiteRunnerWorker.java:96)
at org.testng.TestNG.runSuitesSequentially(TestNG.java:1212)
at org.testng.TestNG.runSuitesLocally(TestNG.java:1134)
at org.testng.TestNG.runSuites(TestNG.java:1063)
at org.testng.TestNG.run(TestNG.java:1031)
at org.testng.remote.AbstractRemoteTestNG.run(AbstractRemoteTestNG.java:115)
at org.testng.remote.RemoteTestNG.initAndRun(RemoteTestNG.java:251)
at org.testng.remote.RemoteTestNG.main(RemoteTestNG.java:77)
]]>
            </full-stacktrace>
          </exception> <!-- org.openqa.selenium.remote.http.ConnectionFailedException -->
          <reporter-output>
          </reporter-output>
        </test-method> <!-- postCondition -->
      </class> <!-- com.testleaf.testcases.TC001Login -->
    </test> <!-- Firefox -->
  </suite> <!-- Suite -->
</testng-results>
